<?xml version="1.0" encoding="UTF-8"?>
<!-- Generated by org.testng.reporters.JUnitReportReporter -->
<testsuite hostname="Dell-Laptop-2nd-Floor-room1" failures="0" tests="2" name="data_driven_testing.LearnParameterization" time="6.909" errors="0" timestamp="2023-12-27T08:54:17 IST" skipped="0">
  <testcase classname="data_driven_testing.LearnParameterization" name="login" time="3.562"/>
  <testcase classname="data_driven_testing.LearnParameterization" name="login" time="3.347"/>
</testsuite> <!-- data_driven_testing.LearnParameterization -->
