<?xml version="1.0" encoding="UTF-8"?>
<!-- Generated by org.testng.reporters.JUnitReportReporter -->
<testsuite hostname="Dell-Laptop-2nd-Floor-room1" failures="0" tests="1" name="demo.VerifyTitleUsingHardAssert" time="5.803" errors="0" timestamp="2023-12-13T09:26:09 IST" skipped="0">
  <testcase classname="demo.VerifyTitleUsingHardAssert" name="verifyTitle" time="5.803"/>
</testsuite> <!-- demo.VerifyTitleUsingHardAssert -->
