<?xml version="1.0" encoding="UTF-8"?>
<!-- Generated by org.testng.reporters.JUnitReportReporter -->
<testsuite hostname="Dell-Laptop-2nd-Floor-room1" failures="0" tests="3" name="demo.DemoTest" time="0.022" errors="0" timestamp="2023-12-12T08:41:48 IST" skipped="0">
  <testcase classname="demo.DemoTest" name="demo3" time="0.002"/>
  <testcase classname="demo.DemoTest" name="demo2" time="0.002">
    <system-out>
      <![CDATA[Bye]]>
    </system-out>
  </testcase> <!-- demo2 -->
  <testcase classname="demo.DemoTest" name="demo" time="0.018">
    <system-out>
      <![CDATA[Hello]]>
    </system-out>
  </testcase> <!-- demo -->
  <system-out>
    <![CDATA[Hello
Bye]]>
  </system-out>
</testsuite> <!-- demo.DemoTest -->
